Performing C SOURCE FILE Test CMAKE_HAVE_LIBC_PTHREAD failed with the following output:
Change Dir: /home/nuc/Desktop/sentry_2022/cmake-build-debug/CMakeFiles/CMakeTmp

Run Build Command(s):/usr/bin/make -f Makefile cmTC_b0d46/fast && /usr/bin/make  -f CMakeFiles/cmTC_b0d46.dir/build.make CMakeFiles/cmTC_b0d46.dir/build
make[1]: 进入目录“/home/nuc/Desktop/sentry_2022/cmake-build-debug/CMakeFiles/CMakeTmp”
Building C object CMakeFiles/cmTC_b0d46.dir/src.c.o
/usr/bin/cc -DCMAKE_HAVE_LIBC_PTHREAD   -o CMakeFiles/cmTC_b0d46.dir/src.c.o -c /home/nuc/Desktop/sentry_2022/cmake-build-debug/CMakeFiles/CMakeTmp/src.c
Linking C executable cmTC_b0d46
/home/nuc/clion-2021.3.4/bin/cmake/linux/bin/cmake -E cmake_link_script CMakeFiles/cmTC_b0d46.dir/link.txt --verbose=1
/usr/bin/cc CMakeFiles/cmTC_b0d46.dir/src.c.o -o cmTC_b0d46 
/usr/bin/ld: CMakeFiles/cmTC_b0d46.dir/src.c.o: in function `main':
src.c:(.text+0x46): undefined reference to `pthread_create'
/usr/bin/ld: src.c:(.text+0x52): undefined reference to `pthread_detach'
/usr/bin/ld: src.c:(.text+0x5e): undefined reference to `pthread_cancel'
/usr/bin/ld: src.c:(.text+0x6f): undefined reference to `pthread_join'
collect2: error: ld returned 1 exit status
make[1]: *** [CMakeFiles/cmTC_b0d46.dir/build.make:99：cmTC_b0d46] 错误 1
make[1]: 离开目录“/home/nuc/Desktop/sentry_2022/cmake-build-debug/CMakeFiles/CMakeTmp”
make: *** [Makefile:127：cmTC_b0d46/fast] 错误 2


Source file was:
#include <pthread.h>

static void* test_func(void* data)
{
  return data;
}

int main(void)
{
  pthread_t thread;
  pthread_create(&thread, NULL, test_func, NULL);
  pthread_detach(thread);
  pthread_cancel(thread);
  pthread_join(thread, NULL);
  pthread_atfork(NULL, NULL, NULL);
  pthread_exit(NULL);

  return 0;
}

Determining if the function pthread_create exists in the pthreads failed with the following output:
Change Dir: /home/nuc/Desktop/sentry_2022/cmake-build-debug/CMakeFiles/CMakeTmp

Run Build Command(s):/usr/bin/make -f Makefile cmTC_27e8c/fast && /usr/bin/make  -f CMakeFiles/cmTC_27e8c.dir/build.make CMakeFiles/cmTC_27e8c.dir/build
make[1]: 进入目录“/home/nuc/Desktop/sentry_2022/cmake-build-debug/CMakeFiles/CMakeTmp”
Building C object CMakeFiles/cmTC_27e8c.dir/CheckFunctionExists.c.o
/usr/bin/cc   -DCHECK_FUNCTION_EXISTS=pthread_create -o CMakeFiles/cmTC_27e8c.dir/CheckFunctionExists.c.o -c /home/nuc/clion-2021.3.4/bin/cmake/linux/share/cmake-3.21/Modules/CheckFunctionExists.c
Linking C executable cmTC_27e8c
/home/nuc/clion-2021.3.4/bin/cmake/linux/bin/cmake -E cmake_link_script CMakeFiles/cmTC_27e8c.dir/link.txt --verbose=1
/usr/bin/cc  -DCHECK_FUNCTION_EXISTS=pthread_create CMakeFiles/cmTC_27e8c.dir/CheckFunctionExists.c.o -o cmTC_27e8c  -lpthreads 
/usr/bin/ld: 找不到 -lpthreads
collect2: error: ld returned 1 exit status
make[1]: *** [CMakeFiles/cmTC_27e8c.dir/build.make:99：cmTC_27e8c] 错误 1
make[1]: 离开目录“/home/nuc/Desktop/sentry_2022/cmake-build-debug/CMakeFiles/CMakeTmp”
make: *** [Makefile:127：cmTC_27e8c/fast] 错误 2



