Performing C SOURCE FILE Test CMAKE_HAVE_LIBC_PTHREAD failed with the following output:
Change Dir: /home/nuc/Desktop/sentry_2022/build/CMakeFiles/CMakeTmp

Run Build Command(s):/usr/bin/make cmTC_927d7/fast && /usr/bin/make -f CMakeFiles/cmTC_927d7.dir/build.make CMakeFiles/cmTC_927d7.dir/build
make[1]: 进入目录“/home/nuc/Desktop/sentry_2022/build/CMakeFiles/CMakeTmp”
Building C object CMakeFiles/cmTC_927d7.dir/src.c.o
/bin/x86_64-linux-gnu-gcc-9   -DCMAKE_HAVE_LIBC_PTHREAD   -o CMakeFiles/cmTC_927d7.dir/src.c.o   -c /home/nuc/Desktop/sentry_2022/build/CMakeFiles/CMakeTmp/src.c
Linking C executable cmTC_927d7
/usr/bin/cmake -E cmake_link_script CMakeFiles/cmTC_927d7.dir/link.txt --verbose=1
/bin/x86_64-linux-gnu-gcc-9  -DCMAKE_HAVE_LIBC_PTHREAD    CMakeFiles/cmTC_927d7.dir/src.c.o  -o cmTC_927d7 
/usr/bin/ld: CMakeFiles/cmTC_927d7.dir/src.c.o: in function `main':
src.c:(.text+0x46): undefined reference to `pthread_create'
/usr/bin/ld: src.c:(.text+0x52): undefined reference to `pthread_detach'
/usr/bin/ld: src.c:(.text+0x63): undefined reference to `pthread_join'
collect2: error: ld returned 1 exit status
make[1]: *** [CMakeFiles/cmTC_927d7.dir/build.make:87：cmTC_927d7] 错误 1
make[1]: 离开目录“/home/nuc/Desktop/sentry_2022/build/CMakeFiles/CMakeTmp”
make: *** [Makefile:121：cmTC_927d7/fast] 错误 2


Source file was:
#include <pthread.h>

void* test_func(void* data)
{
  return data;
}

int main(void)
{
  pthread_t thread;
  pthread_create(&thread, NULL, test_func, NULL);
  pthread_detach(thread);
  pthread_join(thread, NULL);
  pthread_atfork(NULL, NULL, NULL);
  pthread_exit(NULL);

  return 0;
}

Determining if the function pthread_create exists in the pthreads failed with the following output:
Change Dir: /home/nuc/Desktop/sentry_2022/build/CMakeFiles/CMakeTmp

Run Build Command(s):/usr/bin/make cmTC_498b0/fast && /usr/bin/make -f CMakeFiles/cmTC_498b0.dir/build.make CMakeFiles/cmTC_498b0.dir/build
make[1]: 进入目录“/home/nuc/Desktop/sentry_2022/build/CMakeFiles/CMakeTmp”
Building C object CMakeFiles/cmTC_498b0.dir/CheckFunctionExists.c.o
/bin/x86_64-linux-gnu-gcc-9   -DCHECK_FUNCTION_EXISTS=pthread_create   -o CMakeFiles/cmTC_498b0.dir/CheckFunctionExists.c.o   -c /usr/share/cmake-3.16/Modules/CheckFunctionExists.c
Linking C executable cmTC_498b0
/usr/bin/cmake -E cmake_link_script CMakeFiles/cmTC_498b0.dir/link.txt --verbose=1
/bin/x86_64-linux-gnu-gcc-9  -DCHECK_FUNCTION_EXISTS=pthread_create    CMakeFiles/cmTC_498b0.dir/CheckFunctionExists.c.o  -o cmTC_498b0  -lpthreads 
/usr/bin/ld: 找不到 -lpthreads
collect2: error: ld returned 1 exit status
make[1]: *** [CMakeFiles/cmTC_498b0.dir/build.make:87：cmTC_498b0] 错误 1
make[1]: 离开目录“/home/nuc/Desktop/sentry_2022/build/CMakeFiles/CMakeTmp”
make: *** [Makefile:121：cmTC_498b0/fast] 错误 2



Determining if the function sgemm_ exists failed with the following output:
Change Dir: /home/nuc/Desktop/sentry_2022/build/CMakeFiles/CMakeTmp

Run Build Command(s):/usr/bin/make cmTC_cd568/fast && /usr/bin/make -f CMakeFiles/cmTC_cd568.dir/build.make CMakeFiles/cmTC_cd568.dir/build
make[1]: 进入目录“/home/nuc/Desktop/sentry_2022/build/CMakeFiles/CMakeTmp”
Building C object CMakeFiles/cmTC_cd568.dir/CheckFunctionExists.c.o
/bin/x86_64-linux-gnu-gcc-9   -DCHECK_FUNCTION_EXISTS=sgemm_   -o CMakeFiles/cmTC_cd568.dir/CheckFunctionExists.c.o   -c /usr/share/cmake-3.16/Modules/CheckFunctionExists.c
Linking C executable cmTC_cd568
/usr/bin/cmake -E cmake_link_script CMakeFiles/cmTC_cd568.dir/link.txt --verbose=1
/bin/x86_64-linux-gnu-gcc-9  -DCHECK_FUNCTION_EXISTS=sgemm_    CMakeFiles/cmTC_cd568.dir/CheckFunctionExists.c.o  -o cmTC_cd568 
/usr/bin/ld: CMakeFiles/cmTC_cd568.dir/CheckFunctionExists.c.o: in function `main':
CheckFunctionExists.c:(.text+0x14): undefined reference to `sgemm_'
collect2: error: ld returned 1 exit status
make[1]: *** [CMakeFiles/cmTC_cd568.dir/build.make:87：cmTC_cd568] 错误 1
make[1]: 离开目录“/home/nuc/Desktop/sentry_2022/build/CMakeFiles/CMakeTmp”
make: *** [Makefile:121：cmTC_cd568/fast] 错误 2



Determining if the function cheev_ exists failed with the following output:
Change Dir: /home/nuc/Desktop/sentry_2022/build/CMakeFiles/CMakeTmp

Run Build Command(s):/usr/bin/make cmTC_f8f1e/fast && /usr/bin/make -f CMakeFiles/cmTC_f8f1e.dir/build.make CMakeFiles/cmTC_f8f1e.dir/build
make[1]: 进入目录“/home/nuc/Desktop/sentry_2022/build/CMakeFiles/CMakeTmp”
Building C object CMakeFiles/cmTC_f8f1e.dir/CheckFunctionExists.c.o
/bin/x86_64-linux-gnu-gcc-9   -DCHECK_FUNCTION_EXISTS=cheev_   -o CMakeFiles/cmTC_f8f1e.dir/CheckFunctionExists.c.o   -c /usr/share/cmake-3.16/Modules/CheckFunctionExists.c
Linking C executable cmTC_f8f1e
/usr/bin/cmake -E cmake_link_script CMakeFiles/cmTC_f8f1e.dir/link.txt --verbose=1
/bin/x86_64-linux-gnu-gcc-9  -DCHECK_FUNCTION_EXISTS=cheev_    CMakeFiles/cmTC_f8f1e.dir/CheckFunctionExists.c.o  -o cmTC_f8f1e  /usr/lib/x86_64-linux-gnu/libblas.so 
/usr/bin/ld: CMakeFiles/cmTC_f8f1e.dir/CheckFunctionExists.c.o: in function `main':
CheckFunctionExists.c:(.text+0x14): undefined reference to `cheev_'
collect2: error: ld returned 1 exit status
make[1]: *** [CMakeFiles/cmTC_f8f1e.dir/build.make:88：cmTC_f8f1e] 错误 1
make[1]: 离开目录“/home/nuc/Desktop/sentry_2022/build/CMakeFiles/CMakeTmp”
make: *** [Makefile:121：cmTC_f8f1e/fast] 错误 2



